生成启动时间为 2018/1/18 16:34:32。
     1>项目“D:\SettledFiles\DesktopShortcut\BiShe\SolveCubeRobot\VSCubeByC\VSCubeByC_CAN_RUN\VSCubeByC\VSCubeByC.vcxproj”在节点 2 上(Build 个目标)。
     1>ClCompile:
         C:\Program Files (x86)\Microsoft Visual Studio 12.0\VC\bin\CL.exe /c /ZI /nologo /W3 /WX- /sdl /Od /Oy- /D WIN32 /D _DEBUG /D _CONSOLE /D _LIB /D _CRT_SECURE_NO_WARNINGS /D _UNICODE /D UNICODE /Gm /EHsc /RTC1 /MDd /GS /fp:precise /Zc:wchar_t /Zc:forScope /Yc"stdafx.h" /Fp"Debug\VSCubeByC.pch" /Fo"Debug\\" /Fd"Debug\vc120.pdb" /Gd /TP /analyze- /errorReport:prompt stdafx.cpp
         stdafx.cpp
         C:\Program Files (x86)\Microsoft Visual Studio 12.0\VC\bin\CL.exe /c /ZI /nologo /W3 /WX- /sdl /Od /Oy- /D WIN32 /D _DEBUG /D _CONSOLE /D _LIB /D _CRT_SECURE_NO_WARNINGS /D _UNICODE /D UNICODE /Gm /EHsc /RTC1 /MDd /GS /fp:precise /Zc:wchar_t /Zc:forScope /Fo"Debug\\" /Fd"Debug\vc120.pdb" /Gd /TC /analyze- /errorReport:prompt coordcube.c cubiecube.c optiqtm.c pruning.c symmetry.c
         symmetry.c
         pruning.c
         optiqtm.c
         cubiecube.c
         coordcube.c
         正在生成代码...
         C:\Program Files (x86)\Microsoft Visual Studio 12.0\VC\bin\CL.exe /c /ZI /nologo /W3 /WX- /sdl /Od /Oy- /D WIN32 /D _DEBUG /D _CONSOLE /D _LIB /D _CRT_SECURE_NO_WARNINGS /D _UNICODE /D UNICODE /Gm /EHsc /RTC1 /MDd /GS /fp:precise /Zc:wchar_t /Zc:forScope /Fo"Debug\\" /Fd"Debug\vc120.pdb" /Gd /TP /analyze- /errorReport:prompt VSCubeByC.cpp
         VSCubeByC.cpp
       Link:
         C:\Program Files (x86)\Microsoft Visual Studio 12.0\VC\bin\link.exe /ERRORREPORT:PROMPT /OUT:"D:\SettledFiles\DesktopShortcut\BiShe\SolveCubeRobot\VSCubeByC\VSCubeByC_CAN_RUN\Debug\VSCubeByC.exe" /INCREMENTAL /NOLOGO kernel32.lib user32.lib gdi32.lib winspool.lib comdlg32.lib advapi32.lib shell32.lib ole32.lib oleaut32.lib uuid.lib odbc32.lib odbccp32.lib /MANIFEST /MANIFESTUAC:"level='asInvoker' uiAccess='false'" /manifest:embed /DEBUG /PDB:"D:\SettledFiles\DesktopShortcut\BiShe\SolveCubeRobot\VSCubeByC\VSCubeByC_CAN_RUN\Debug\VSCubeByC.pdb" /SUBSYSTEM:CONSOLE /TLBID:1 /DYNAMICBASE /NXCOMPAT /IMPLIB:"D:\SettledFiles\DesktopShortcut\BiShe\SolveCubeRobot\VSCubeByC\VSCubeByC_CAN_RUN\Debug\VSCubeByC.lib" /MACHINE:X86 Debug\coordcube.obj
         Debug\cubiecube.obj
         Debug\optiqtm.obj
         Debug\pruning.obj
         Debug\stdafx.obj
         Debug\symmetry.obj
         Debug\VSCubeByC.obj
         VSCubeByC.vcxproj -> D:\SettledFiles\DesktopShortcut\BiShe\SolveCubeRobot\VSCubeByC\VSCubeByC_CAN_RUN\Debug\VSCubeByC.exe
     1>已完成生成项目“D:\SettledFiles\DesktopShortcut\BiShe\SolveCubeRobot\VSCubeByC\VSCubeByC_CAN_RUN\VSCubeByC\VSCubeByC.vcxproj”(Build 个目标)的操作。

生成成功。

已用时间 00:00:01.29
